[I 22:44:28.458 LabApp] Using EnvironmentKernelSpecManager...
[I 22:44:28.458 LabApp] Started periodic updates of the kernel list (every 3 minutes).
[I 22:44:28.879 LabApp] Loading IPython parallel extension
[I 22:44:28.890 LabApp] JupyterLab beta preview extension loaded from /home/ubuntu/anaconda3/lib/python3.6/site-packages/jupyterlab
[I 22:44:28.890 LabApp] JupyterLab application directory is /home/ubuntu/anaconda3/share/jupyter/lab
[I 22:44:29.266 LabApp] [nb_conda] enabled
[W 22:44:29.266 LabApp] JupyterLab server extension not enabled, manually loading...
[I 22:44:29.266 LabApp] JupyterLab beta preview extension loaded from /home/ubuntu/anaconda3/lib/python3.6/site-packages/jupyterlab
[I 22:44:29.266 LabApp] JupyterLab application directory is /home/ubuntu/anaconda3/share/jupyter/lab
[I 22:44:29.272 LabApp] Serving notebooks from local directory: /home/ubuntu/Andy/Robocup-Sigma
[I 22:44:29.272 LabApp] 0 active kernels
[I 22:44:29.272 LabApp] The Jupyter Notebook is running at:
[I 22:44:29.272 LabApp] http://localhost:8888/
[I 22:44:29.272 LabApp] Use Control-C to stop this server and shut down all kernels (twice to skip confirmation).
[W 22:44:29.273 LabApp] No web browser found: could not locate runnable browser.
[I 22:44:29.273 LabApp] Starting initial scan of virtual environments...
[I 22:44:32.277 LabApp] Found new kernels in environments: conda_tensorflow_p36, conda_theano_p27, conda_pytorch_p36, conda_chainer_p27, conda_anaconda3, conda_caffe2_p27, conda_chainer_p36, conda_python3, conda_pytorch_p27, conda_cntk_p27, conda_mxnet_p27, conda_mxnet_p36, conda_cntk_p36, conda_python2, conda_theano_p36, conda_caffe_p27, conda_tensorflow_p27, conda_caffe_p35
[I 22:44:32.280 LabApp] 302 GET / (127.0.0.1) 0.78ms
[W 22:44:32.999 LabApp] Could not determine jupyterlab build status without nodejs
[W 22:44:33.057 LabApp] 404 GET /api/contents/Andy/Robocup-Sigma/maddpg-pytorch/algorithms/maddpg.py?content=0&1548542672994 (127.0.0.1): No such file or directory: Andy/Robocup-Sigma/maddpg-pytorch/algorithms/maddpg.py
[W 22:44:33.057 LabApp] No such file or directory: Andy/Robocup-Sigma/maddpg-pytorch/algorithms/maddpg.py
[W 22:44:33.057 LabApp] 404 GET /api/contents/Andy/Robocup-Sigma/maddpg-pytorch/algorithms/maddpg.py?content=0&1548542672994 (127.0.0.1) 0.93ms referer=http://localhost:8000/lab?
[W 22:44:33.063 LabApp] 404 GET /api/contents/Andy/Robocup-Sigma/maddpg-pytorch/HFO_CONT.py?content=0&1548542672995 (127.0.0.1): No such file or directory: Andy/Robocup-Sigma/maddpg-pytorch/HFO_CONT.py
[W 22:44:33.063 LabApp] No such file or directory: Andy/Robocup-Sigma/maddpg-pytorch/HFO_CONT.py
[W 22:44:33.063 LabApp] 404 GET /api/contents/Andy/Robocup-Sigma/maddpg-pytorch/HFO_CONT.py?content=0&1548542672995 (127.0.0.1) 0.91ms referer=http://localhost:8000/lab?
[W 22:44:33.065 LabApp] 404 GET /api/contents/Andy/Robocup-Sigma/maddpg-pytorch/utils/agents.py?content=0&1548542672996 (127.0.0.1): No such file or directory: Andy/Robocup-Sigma/maddpg-pytorch/utils/agents.py
[W 22:44:33.065 LabApp] No such file or directory: Andy/Robocup-Sigma/maddpg-pytorch/utils/agents.py
[W 22:44:33.065 LabApp] 404 GET /api/contents/Andy/Robocup-Sigma/maddpg-pytorch/utils/agents.py?content=0&1548542672996 (127.0.0.1) 0.89ms referer=http://localhost:8000/lab?
[W 22:44:33.252 LabApp] 404 GET /api/contents/Andy/Robocup-Sigma/maddpg-pytorch?1548542673167 (127.0.0.1): No such file or directory: Andy/Robocup-Sigma/maddpg-pytorch
[W 22:44:33.252 LabApp] No such file or directory: Andy/Robocup-Sigma/maddpg-pytorch
[W 22:44:33.252 LabApp] 404 GET /api/contents/Andy/Robocup-Sigma/maddpg-pytorch?1548542673167 (127.0.0.1) 0.90ms referer=http://localhost:8000/lab?
[I 22:47:01.301 LabApp] New terminal with automatic name: 1
TermSocket.open: 1
TermSocket.open: Opened 1
[I 22:47:22.165 LabApp] Kernel started: 51406064-7946-4fe0-96b3-b8940e3d570e
[I 22:47:22.648 LabApp] Adapting to protocol v5.1 for kernel 51406064-7946-4fe0-96b3-b8940e3d570e
[I 22:47:22.803 LabApp] Adapting to protocol v5.1 for kernel 51406064-7946-4fe0-96b3-b8940e3d570e
[I 22:52:29.261 LabApp] Saving file at /maddpg-pytorch/HFO_CONT.py
[I 22:52:34.129 LabApp] Saving file at /maddpg-pytorch/HFO_CONT.py
[I 22:54:34.267 LabApp] Saving file at /maddpg-pytorch/HFO_CONT.py
[I 22:54:57.690 LabApp] Saving file at /maddpg-pytorch/HFO_CONT.py
[I 22:54:58.871 LabApp] Saving file at /maddpg-pytorch/HFO_CONT.py
[I 22:56:37.477 LabApp] Saving file at /maddpg-pytorch/utils/tensor_buffer.py
[I 23:01:31.476 LabApp] Saving file at /maddpg-pytorch/HFO_CONT.py
[I 23:06:23.884 LabApp] Saving file at /maddpg-pytorch/HFO_CONT.py
[I 23:09:31.406 LabApp] Saving file at /maddpg-pytorch/HFO_CONT.py
[I 23:14:39.171 LabApp] Saving file at /maddpg-pytorch/HFO_CONT.py
[I 23:18:55.892 LabApp] Saving file at /maddpg-pytorch/utils/agents.py
[I 23:19:03.159 LabApp] Saving file at /maddpg-pytorch/utils/agents.py
[I 23:20:43.465 LabApp] Saving file at /maddpg-pytorch/utils/agents.py
[I 23:22:43.570 LabApp] Saving file at /maddpg-pytorch/utils/agents.py
[I 23:22:51.236 LabApp] Saving file at /maddpg-pytorch/utils/agents.py
[I 23:25:03.840 LabApp] Saving file at /maddpg-pytorch/utils/agents.py
[I 23:27:25.993 LabApp] Saving file at /maddpg-pytorch/utils/agents.py
[I 23:27:37.317 LabApp] Saving file at /maddpg-pytorch/utils/agents.py
[I 23:33:43.266 LabApp] Saving file at /maddpg-pytorch/algorithms/maddpg.py
[I 23:33:58.293 LabApp] Saving file at /maddpg-pytorch/algorithms/maddpg.py
[I 23:34:19.070 LabApp] Saving file at /maddpg-pytorch/algorithms/maddpg.py
[I 23:34:35.535 LabApp] Saving file at /maddpg-pytorch/algorithms/maddpg.py
[I 23:36:03.746 LabApp] Saving file at /maddpg-pytorch/HFO_CONT.py
[I 23:40:46.531 LabApp] Saving file at /maddpg-pytorch/HFO_CONT.py
[I 23:44:30.835 LabApp] Saving file at /maddpg-pytorch/HFO_CONT.py
[I 23:50:00.327 LabApp] Saving file at /maddpg-pytorch/HFO_CONT.py
[I 23:51:18.307 LabApp] Saving file at /maddpg-pytorch/HFO_CONT.py
[I 23:53:15.868 LabApp] Saving file at /maddpg-pytorch/HFO_CONT.py
[I 23:54:03.007 LabApp] Saving file at /maddpg-pytorch/HFO_CONT.py
[I 23:56:03.138 LabApp] Saving file at /maddpg-pytorch/HFO_CONT.py
[I 23:56:57.501 LabApp] Saving file at /maddpg-pytorch/HFO_CONT.py
[I 23:57:13.464 LabApp] Saving file at /maddpg-pytorch/HFO_CONT.py
[I 23:59:13.661 LabApp] Saving file at /maddpg-pytorch/HFO_CONT.py
[I 23:59:14.660 LabApp] Saving file at /maddpg-pytorch/HFO_CONT.py
[I 23:59:21.407 LabApp] Saving file at /maddpg-pytorch/HFO_CONT.py
[I 23:59:21.813 LabApp] Saving file at /maddpg-pytorch/HFO_CONT.py
[I 00:02:06.519 LabApp] Saving file at /maddpg-pytorch/HFO_CONT.py
[I 00:02:14.840 LabApp] Saving file at /maddpg-pytorch/HFO_CONT.py
[I 00:05:31.068 LabApp] Saving file at /maddpg-pytorch/HFO_CONT.py
[I 00:05:34.778 LabApp] Saving file at /maddpg-pytorch/HFO_CONT.py
[I 00:06:45.924 LabApp] Saving file at /maddpg-pytorch/HFO_CONT.py
[I 00:06:48.980 LabApp] Saving file at /maddpg-pytorch/HFO_CONT.py
[I 00:10:45.368 LabApp] Creating new notebook in /maddpg-pytorch
[I 00:10:45.836 LabApp] Kernel started: 73fe0567-277a-41f5-9dc3-25cee9d5e883
[I 00:10:46.480 LabApp] Adapting to protocol v5.1 for kernel 73fe0567-277a-41f5-9dc3-25cee9d5e883
[I 00:10:46.766 LabApp] Adapting to protocol v5.1 for kernel 73fe0567-277a-41f5-9dc3-25cee9d5e883
[I 00:12:45.615 LabApp] Saving file at /maddpg-pytorch/Untitled.ipynb
[I 00:13:32.008 LabApp] Kernel shutdown: 73fe0567-277a-41f5-9dc3-25cee9d5e883
[W 00:13:32.043 LabApp] delete /maddpg-pytorch/Untitled.ipynb
[I 00:14:34.235 LabApp] Saving file at /maddpg-pytorch/HFO_CONT.py
[I 00:15:50.080 LabApp] Saving file at /maddpg-pytorch/HFO_CONT.py
[I 00:20:57.110 LabApp] Saving file at /maddpg-pytorch/HFO_CONT.py
[I 00:21:06.807 LabApp] Saving file at /maddpg-pytorch/HFO_CONT.py
[I 00:22:54.152 LabApp] Saving file at /maddpg-pytorch/HFO_CONT.py
[I 00:28:54.420 LabApp] Saving file at /maddpg-pytorch/HFO_CONT.py
[I 00:28:59.055 LabApp] Saving file at /maddpg-pytorch/HFO_CONT.py
[I 00:29:13.850 LabApp] Saving file at /maddpg-pytorch/HFO_CONT.py
[I 00:34:20.265 LabApp] Saving file at /maddpg-pytorch/HFO_CONT.py
[I 00:34:20.743 LabApp] Saving file at /maddpg-pytorch/HFO_CONT.py
[I 00:34:20.951 LabApp] Saving file at /maddpg-pytorch/HFO_CONT.py
[I 00:39:57.752 LabApp] Saving file at /maddpg-pytorch/HFO_CONT.py
[I 00:40:03.519 LabApp] Saving file at /maddpg-pytorch/HFO_CONT.py
[I 00:42:29.638 LabApp] Saving file at /maddpg-pytorch/HFO_CONT.py
[I 00:42:37.863 LabApp] Saving file at /maddpg-pytorch/HFO_CONT.py
[I 00:42:53.117 LabApp] Saving file at /maddpg-pytorch/HFO_CONT.py
[I 00:43:07.227 LabApp] Saving file at /maddpg-pytorch/HFO_CONT.py
[I 00:45:12.019 LabApp] Saving file at /maddpg-pytorch/HFO_CONT.py
[I 00:47:50.181 LabApp] Saving file at /maddpg-pytorch/HFO_CONT.py
[I 00:47:51.296 LabApp] Saving file at /maddpg-pytorch/HFO_CONT.py
[W 00:48:20.343 LabApp] delete /maddpg-pytorch/training_sessions/1_26_22_5_vs_5
[W 00:48:21.833 LabApp] delete /maddpg-pytorch/training_sessions/1_26_23_4_vs_4
[W 00:48:23.341 LabApp] delete /maddpg-pytorch/training_sessions/1_26_23_5_vs_5
[I 00:55:00.034 LabApp] New terminal with automatic name: 2
TermSocket.open: 2
TermSocket.open: Opened 2
