0 4 M GameStatus 0
0 4 M StateFeatures 1 1 0 1 -1 0 1 1 -1 -1 -1 -1 -1 0.397156 0.917751 -1 0.330989 0.943634 -1 0.457665 0.889125 -1 0.472576 0.88129 -1 0.237099 0.971486 -1 0.637942 0.770084 -1 0.746295 0.665615 -0.585286 0.0905357 0.995893 -0.0595412 0.0350661 0.999385 -1 0.638856 0.769326 -1 0.906835 0.421487 -1 1 -1 1 -1 1 0.746295 0.665615 -0.585286 1 -1 0 1 -1 
0 8 M /home/andrew/GitDownloads/HFO/build/librcsc-prefix/src/librcsc/rcsc/player/player_agent.cpp: Turn(-41.22)
1 4 M GameStatus 0
1 4 M StateFeatures 1 1 -0.672528 0.740071 -1 -0.672528 0.740071 1 -1 -1 -1 -1 -1 0.104844 0.994489 0.384385 -0.13167 0.991294 0.230331 0.446734 0.894667 0.484192 -0.79464 0.607081 0.634704 -0.760447 0.6494 -0.00907469 0.6615 -0.749945 0.717627 -0.860516 -0.509423 -0.236975 -0.998543 0.0539634 -0.871745 -0.48251 0.87589 -0.533722 0.990767 -0.135572 0.122778 -0.187504 -0.982264 -0.385873 -0.40848 0.40848 -0.334788 0.334788 1 -0.664491 -0.747296 0.402334 1 -1 0 1 1 
1 8 M /home/andrew/GitDownloads/HFO/build/librcsc-prefix/src/librcsc/rcsc/player/player_agent.cpp: Turn(-41.40)
2 4 M GameStatus 0
2 4 M StateFeatures 1 1 -0.999003 0.0446534 -1 -0.999003 0.0446534 1 -1 -1 -1 -1 -1 0.779298 0.626653 0.384385 0.610313 0.792161 0.230331 0.949494 0.313785 0.484192 -0.129541 0.991574 0.634704 -0.0754211 0.997152 -0.00907469 -0.0656442 -0.997843 0.717627 -0.967917 0.251272 -0.236975 -0.665601 0.746308 -0.871745 0.281148 0.959665 -0.533722 0.602234 -0.798319 0.122778 -0.828895 -0.559404 -0.385873 -0.40848 0.40848 -0.334788 0.334788 1 -0.998462 -0.0554471 0.402334 1 -1 0 1 1 
3 4 M GameStatus 0
3 4 M StateFeatures 1 1 -0.999003 0.0446534 -1 -0.999003 0.0446534 1 -1 -1 -1 -1 -1 0.779298 0.626653 0.384385 0.610313 0.792161 0.230331 0.949494 0.313785 0.484192 -0.129541 0.991574 0.634704 -0.0754211 0.997152 -0.00907469 -0.0656442 -0.997843 0.717627 -0.967917 0.251272 -0.236975 -0.665601 0.746308 -0.871745 0.281148 0.959665 -0.533722 0.602234 -0.798319 0.122778 -0.828895 -0.559404 -0.385873 -0.40848 0.40848 -0.334788 0.334788 1 -0.998462 -0.0554471 0.402334 1 -1 0 1 -1 
4 4 M GameStatus 0
4 4 M StateFeatures 1 1 -0.999003 0.0446534 -1 -0.999003 0.0446534 1 -1 -1 -1 -1 -1 0.779298 0.626653 0.384385 0.610313 0.792161 0.230331 0.949494 0.313785 0.484192 -0.129541 0.991574 0.634704 -0.0754211 0.997152 -0.00907469 -0.0656442 -0.997843 0.717627 -0.967917 0.251272 -0.236975 -0.665601 0.746308 -0.871745 0.281148 0.959665 -0.533722 0.602234 -0.798319 0.122778 -0.828895 -0.559404 -0.385873 -0.40848 0.40848 -0.334788 0.334788 1 -0.998462 -0.0554471 0.402334 1 -1 0 1 -1 
4 8 M /home/andrew/GitDownloads/HFO/build/librcsc-prefix/src/librcsc/rcsc/player/player_agent.cpp: Dash(57.34,29.72)
5 4 M GameStatus 0
5 4 M StateFeatures 1 1 -0.725348 0.688382 -0.553666 -0.999003 0.0446534 0.996915 -1 -1 -1 -1 -1 0.779991 0.625791 0.392565 0.608993 0.793176 0.238439 0.951629 0.307248 0.491606 -0.147769 0.989022 0.639473 -0.0817396 0.996654 -0.00391018 -0.0849 -0.99639 0.711545 -0.969311 0.245838 -0.241338 -0.668866 0.743383 -0.871509 0.278554 0.960421 -0.526632 0.594795 -0.803878 0.121815 -0.828352 -0.560208 -0.39397 -0.415867 0.415867 -0.329841 0.329841 1 -0.997935 -0.0642252 0.396053 1 -1 0 1 1 
5 8 M /home/andrew/GitDownloads/HFO/build/librcsc-prefix/src/librcsc/rcsc/player/player_agent.cpp: Turn(-7.75)
6 4 M GameStatus 0
6 4 M StateFeatures 1 1 -0.772697 0.634775 -0.823461 -0.995777 -0.0918023 1 -1 -1 -1 -1 -1 0.85835 0.513064 0.395775 0.711056 0.703135 0.241672 0.98515 0.171697 0.494433 -0.0187746 0.999824 0.641496 0.0523574 0.998628 -0.00171733 -0.226472 -0.974018 0.708976 -0.927664 0.373416 -0.242892 -0.562833 0.82657 -0.871214 0.405873 0.913929 -0.523729 0.476598 -0.879122 0.121204 -0.896688 -0.442664 -0.397131 -0.418617 0.418617 -0.327741 0.327741 1 -0.997645 0.0685865 0.393696 1 -1 0 1 1 
6 8 M /home/andrew/GitDownloads/HFO/build/librcsc-prefix/src/librcsc/rcsc/player/player_agent.cpp: Turn(17.50)
7 4 M GameStatus 0
7 4 M StateFeatures 1 1 -0.576307 0.817233 -0.927256 -0.972654 0.232259 1 -1 -1 -1 -1 -1 0.648732 0.761017 0.397104 0.447892 0.894088 0.242991 0.878676 0.477418 0.49563 -0.341169 0.940002 0.642261 -0.271531 0.96243 -0.000875592 0.0947509 -0.995501 0.707964 -0.998463 0.0554183 -0.243598 -0.798533 0.601951 -0.871171 0.0910395 0.995847 -0.522572 0.732241 -0.681045 0.121025 -0.707345 -0.706869 -0.398446 -0.41981 0.41981 -0.326929 0.326929 1 -0.96662 -0.256216 0.392674 1 -1 0 1 1 
8 4 M GameStatus 0
8 4 M StateFeatures 1 1 -0.564275 0.825587 -0.970727 -0.972654 0.232259 1 -1 -1 -1 -1 -1 0.648803 0.760956 0.39764 0.447805 0.894131 0.243525 0.878908 0.476991 0.496109 -0.342321 0.939583 0.642575 -0.27193 0.962317 -0.000530958 0.0935745 -0.995612 0.70755 -0.998484 0.0550486 -0.243878 -0.798706 0.601722 -0.871147 0.0908673 0.995863 -0.522102 0.731828 -0.681489 0.120945 -0.707295 -0.706919 -0.398976 -0.420286 0.420286 -0.326597 0.326597 1 -0.966471 -0.256774 0.392266 1 -1 0 1 -1 
9 4 M GameStatus 0
9 4 M StateFeatures 1 1 -0.640326 0.768103 -0.988313 -0.972654 0.232259 1 -1 -1 -1 -1 -1 0.648805 0.760954 0.397855 0.447746 0.894161 0.243734 0.878983 0.476853 0.49631 -0.34281 0.939405 0.642682 -0.272101 0.962269 -0.000410199 0.0930538 -0.995661 0.7074 -0.998491 0.0549107 -0.244007 -0.798775 0.60163 -0.871158 0.090787 0.99587 -0.521926 0.731662 -0.681668 0.120934 -0.707285 -0.706928 -0.39919 -0.420491 0.420491 -0.326479 0.326479 1 -0.966419 -0.256971 0.39209 1 -1 0 1 -1 
9 8 M /home/andrew/GitDownloads/HFO/build/librcsc-prefix/src/librcsc/rcsc/player/player_agent.cpp: Dash(60.82,-15.33)
10 4 M GameStatus 0
10 4 M StateFeatures 1 1 -0.0885729 0.99607 -0.352823 -0.972654 0.232259 0.996045 -1 -1 -1 -1 -1 0.65761 0.753359 0.407517 0.452977 0.891522 0.254791 0.888318 0.459228 0.502787 -0.356466 0.934308 0.653419 -0.27622 0.961094 0.0106999 0.0860151 -0.996294 0.695689 -0.99897 0.0453662 -0.244464 -0.802022 0.597295 -0.864895 0.0908057 0.995869 -0.510027 0.7244 -0.68938 0.113575 -0.70344 -0.710754 -0.408334 -0.42499 0.42499 -0.3161 0.3161 1 -0.961562 -0.274587 0.387925 1 -1 0 1 1 
